<?xml version="1.0" encoding="UTF-8"?>
<!-- Generated by org.testng.reporters.JUnitXMLReporter -->
<testsuite ignored="0" hostname="LPT1079" failures="0" tests="3" name="Default test" time="37.408" errors="0" timestamp="2026-08-12T14:38:05 IST">
  <testcase classname="test.Dropdown" name="simpleDropDownSelect" time="12.674"/>
  <testcase classname="test.Dropdown" name="styledDropDownSelect" time="12.41"/>
  <testcase classname="test.Dropdown" name="multiSelectDropDownSelect" time="12.258"/>
</testsuite> <!-- Default test -->
