<?xml version="1.0" encoding="UTF-8"?>
<!-- Generated by org.testng.reporters.JUnitXMLReporter -->
<testsuite ignored="0" hostname="LPT1079" failures="1" tests="1" name="chrometest" time="7.04" errors="0" timestamp="2026-08-10T15:26:19 IST">
  <testcase classname="testCases.DemoTest" name="demoTest" time="1.917">
    <failure type="java.lang.AssertionError" message="expected [Page object models] but found [Playwright enables reliable web automation for testing, scripting, and AI agents.]">
      <![CDATA[java.lang.AssertionError: expected [Page object models] but found [Playwright enables reliable web automation for testing, scripting, and AI agents.]
at pages.DemoPage.search(DemoPage.java:60)
at testCases.DemoTest.demoTest(DemoTest.java:21)
at java.base/java.util.ArrayList.forEach(ArrayList.java:1596)
at java.base/java.util.concurrent.FutureTask.run(FutureTask.java:317)
at java.base/java.util.concurrent.ThreadPoolExecutor.runWorker(ThreadPoolExecutor.java:1144)
at java.base/java.util.concurrent.ThreadPoolExecutor$Worker.run(ThreadPoolExecutor.java:642)
at java.base/java.lang.Thread.run(Thread.java:1583)
... Removed 21 stack frames]]>
    </failure>
  </testcase> <!-- demoTest -->
</testsuite> <!-- chrometest -->
