<?xml version="1.0" encoding="UTF-8"?>
<!-- Generated by org.testng.reporters.JUnitXMLReporter -->
<testsuite ignored="0" hostname="LPT1079" failures="1" tests="1" name="firefoxtest" time="5.697" errors="0" timestamp="2026-08-27T17:13:48 IST">
  <testcase classname="testCases.DemoTest" name="demoTest" time="0.441">
    <failure type="java.lang.AssertionError" message="expected [Fast and reliable end-to-end testing for modern web apps | Playwright] but found [Playwright]">
      <![CDATA[java.lang.AssertionError: expected [Fast and reliable end-to-end testing for modern web apps | Playwright] but found [Playwright]
at testCases.DemoTest.demoTest(DemoTest.java:30)
at java.base/java.util.ArrayList.forEach(ArrayList.java:1596)
... Removed 31 stack frames]]>
    </failure>
  </testcase> <!-- demoTest -->
</testsuite> <!-- firefoxtest -->
