<?xml version="1.0" encoding="UTF-8"?>
<!-- Generated by org.testng.reporters.JUnitXMLReporter -->
<testsuite ignored="0" hostname="LPT1079" failures="0" tests="6" name="Linux-Firefox" time="26.661" errors="0" timestamp="2026-08-11T23:35:43 IST">
  <testcase classname="testCases.DemoTest" name="demoTest" time="7.196"/>
  <testcase classname="testCases.ExcelDataTest" name="excelDataTest" time="0.004"/>
  <testcase classname="testCases.ExcelDataTest" name="excelDataTest" time="0.01"/>
  <testcase classname="testCases.ExcelDataTest" name="excelDataTest" time="0.012"/>
  <testcase classname="testCases.ExcelDataTest" name="excelDataTest" time="0.016"/>
  <testcase classname="testCases.ExcelDataTest" name="excelDataTest" time="0.008"/>
</testsuite> <!-- Linux-Firefox -->
