<?xml version="1.0" encoding="UTF-8"?>
<!-- Generated by org.testng.reporters.JUnitXMLReporter -->
<testsuite ignored="0" hostname="LPT1079" failures="0" tests="6" name="Linux-Chrome" time="11.053" errors="0" timestamp="2026-08-11T10:10:18 IST">
  <testcase classname="testCases.DemoTest" name="demoTest" time="2.757"/>
  <testcase classname="testCases.ExcelDataTest" name="excelDataTest" time="0.006"/>
  <testcase classname="testCases.ExcelDataTest" name="excelDataTest" time="0.007"/>
  <testcase classname="testCases.ExcelDataTest" name="excelDataTest" time="0.004"/>
  <testcase classname="testCases.ExcelDataTest" name="excelDataTest" time="0.004"/>
  <testcase classname="testCases.ExcelDataTest" name="excelDataTest" time="0.006"/>
</testsuite> <!-- Linux-Chrome -->
