<?xml version="1.0" encoding="UTF-8"?>
<!-- Generated by org.testng.reporters.JUnitXMLReporter -->
<testsuite ignored="0" hostname="LPT1079" failures="0" tests="6" name="Linux-Chrome" time="14.866" errors="0" timestamp="2026-08-11T23:35:16 IST">
  <testcase classname="testCases.DemoTest" name="demoTest" time="5.31"/>
  <testcase classname="testCases.ExcelDataTest" name="excelDataTest" time="0.012"/>
  <testcase classname="testCases.ExcelDataTest" name="excelDataTest" time="0.008"/>
  <testcase classname="testCases.ExcelDataTest" name="excelDataTest" time="0.009"/>
  <testcase classname="testCases.ExcelDataTest" name="excelDataTest" time="0.003"/>
  <testcase classname="testCases.ExcelDataTest" name="excelDataTest" time="0.028"/>
</testsuite> <!-- Linux-Chrome -->
