<?xml version="1.0" encoding="UTF-8"?>
<!-- Generated by org.testng.reporters.JUnitXMLReporter -->
<testsuite ignored="0" hostname="LPT1079" failures="0" tests="6" name="Linux-Firefox" time="15.639" errors="0" timestamp="2026-08-11T10:10:34 IST">
  <testcase classname="testCases.DemoTest" name="demoTest" time="3.256"/>
  <testcase classname="testCases.ExcelDataTest" name="excelDataTest" time="0.004"/>
  <testcase classname="testCases.ExcelDataTest" name="excelDataTest" time="0.002"/>
  <testcase classname="testCases.ExcelDataTest" name="excelDataTest" time="0.004"/>
  <testcase classname="testCases.ExcelDataTest" name="excelDataTest" time="0.004"/>
  <testcase classname="testCases.ExcelDataTest" name="excelDataTest" time="0.003"/>
</testsuite> <!-- Linux-Firefox -->
