<?xml version="1.0" encoding="UTF-8"?>
<!-- Generated by org.testng.reporters.JUnitXMLReporter -->
<testsuite ignored="0" hostname="LPT1079" failures="0" tests="6" name="Test" time="9.84" errors="0" timestamp="2026-08-27T17:20:04 IST">
  <testcase classname="testCases.DemoTest" name="demoTest" time="4.391"/>
  <testcase classname="testCases.ExcelDataTest" name="excelDataTest" time="0.006"/>
  <testcase classname="testCases.ExcelDataTest" name="excelDataTest" time="0.005"/>
  <testcase classname="testCases.ExcelDataTest" name="excelDataTest" time="0.003"/>
  <testcase classname="testCases.ExcelDataTest" name="excelDataTest" time="0.003"/>
  <testcase classname="testCases.ExcelDataTest" name="excelDataTest" time="0.006"/>
</testsuite> <!-- Test -->
