<?xml version="1.0" encoding="UTF-8"?>
<!-- Generated by org.testng.reporters.JUnitXMLReporter -->
<testsuite ignored="0" hostname="LPT1079" failures="0" tests="6" name="Linux-Firefox" time="19.242" errors="0" timestamp="2026-08-11T16:32:40 IST">
  <testcase classname="testCases.DemoTest" name="demoTest" time="7.022"/>
  <testcase classname="testCases.ExcelDataTest" name="excelDataTest" time="0.001"/>
  <testcase classname="testCases.ExcelDataTest" name="excelDataTest" time="0.003"/>
  <testcase classname="testCases.ExcelDataTest" name="excelDataTest" time="0.003"/>
  <testcase classname="testCases.ExcelDataTest" name="excelDataTest" time="0.001"/>
  <testcase classname="testCases.ExcelDataTest" name="excelDataTest" time="0.001"/>
</testsuite> <!-- Linux-Firefox -->
