<?xml version="1.0" encoding="UTF-8"?>
<!-- Generated by org.testng.reporters.JUnitXMLReporter -->
<testsuite ignored="0" hostname="LPT1079" failures="1" tests="6" name="Linux-Firefox" time="16.095" errors="0" timestamp="2026-08-11T23:37:16 IST">
  <testcase classname="testCases.DemoTest" name="demoTest" time="0.781">
    <failure type="java.lang.AssertionError" message="expected [Fast and reliable end-to-end testing for modern web apps | Playwright] but found [Playwright]">
      <![CDATA[java.lang.AssertionError: expected [Fast and reliable end-to-end testing for modern web apps | Playwright] but found [Playwright]
at testCases.DemoTest.demoTest(DemoTest.java:30)
at java.base/java.util.ArrayList.forEach(ArrayList.java:1596)
... Removed 35 stack frames]]>
    </failure>
  </testcase> <!-- demoTest -->
  <testcase classname="testCases.ExcelDataTest" name="excelDataTest" time="0.005"/>
  <testcase classname="testCases.ExcelDataTest" name="excelDataTest" time="0.013"/>
  <testcase classname="testCases.ExcelDataTest" name="excelDataTest" time="0.001"/>
  <testcase classname="testCases.ExcelDataTest" name="excelDataTest" time="0.025"/>
  <testcase classname="testCases.ExcelDataTest" name="excelDataTest" time="0.007"/>
</testsuite> <!-- Linux-Firefox -->
