<?xml version="1.0" encoding="UTF-8"?>
<!-- Generated by org.testng.reporters.JUnitXMLReporter -->
<testsuite ignored="0" hostname="LPT1079" failures="0" tests="6" name="Linux-Chrome" time="10.754" errors="0" timestamp="2026-08-11T16:58:14 IST">
  <testcase classname="testCases.DemoTest" name="demoTest" time="4.417"/>
  <testcase classname="testCases.ExcelDataTest" name="excelDataTest" time="0.005"/>
  <testcase classname="testCases.ExcelDataTest" name="excelDataTest" time="0.007"/>
  <testcase classname="testCases.ExcelDataTest" name="excelDataTest" time="0.008"/>
  <testcase classname="testCases.ExcelDataTest" name="excelDataTest" time="0.001"/>
  <testcase classname="testCases.ExcelDataTest" name="excelDataTest" time="0.001"/>
</testsuite> <!-- Linux-Chrome -->
