<?xml version="1.0" encoding="UTF-8"?>
<testng-results ignored="0" total="12" passed="12" failed="0" skipped="0">
  <reporter-output>
  </reporter-output>
  <suite started-at="2026-08-11T16:32:08 IST" name="Suite" finished-at="2026-08-11T16:32:40 IST" duration-ms="32316">
    <groups>
    </groups>
    <test started-at="2026-08-11T16:32:08 IST" name="Linux-Chrome" finished-at="2026-08-11T16:32:21 IST" duration-ms="12667">
      <class name="testCases.DemoTest">
        <test-method is-config="true" signature="setup(java.lang.String,java.lang.String)[pri:0, instance:testCases.DemoTest@4a94ee4]" started-at="2026-08-11T16:32:08 IST" name="setup" finished-at="2026-08-11T16:32:12 IST" duration-ms="3460" status="PASS">
          <params>
            <param index="0">
              <value>
                <![CDATA[Linux]]>
              </value>
            </param>
            <param index="1">
              <value>
                <![CDATA[chrome]]>
              </value>
            </param>
          </params>
          <reporter-output>
          </reporter-output>
        </test-method> <!-- setup -->
        <test-method signature="demoTest()[pri:0, instance:testCases.DemoTest@4a94ee4]" started-at="2026-08-11T16:32:12 IST" name="demoTest" finished-at="2026-08-11T16:32:18 IST" duration-ms="6214" status="PASS">
          <reporter-output>
          </reporter-output>
        </test-method> <!-- demoTest -->
        <test-method is-config="true" signature="tearDown()[pri:0, instance:testCases.DemoTest@4a94ee4]" started-at="2026-08-11T16:32:18 IST" name="tearDown" finished-at="2026-08-11T16:32:18 IST" duration-ms="103" status="PASS">
          <reporter-output>
          </reporter-output>
        </test-method> <!-- tearDown -->
      </class> <!-- testCases.DemoTest -->
      <class name="testCases.ExcelDataTest">
        <test-method is-config="true" signature="setup(java.lang.String,java.lang.String)[pri:0, instance:testCases.ExcelDataTest@12468a38]" started-at="2026-08-11T16:32:18 IST" name="setup" finished-at="2026-08-11T16:32:19 IST" duration-ms="1194" status="PASS">
          <params>
            <param index="0">
              <value>
                <![CDATA[Linux]]>
              </value>
            </param>
            <param index="1">
              <value>
                <![CDATA[chrome]]>
              </value>
            </param>
          </params>
          <reporter-output>
          </reporter-output>
        </test-method> <!-- setup -->
        <test-method signature="excelDataTest(java.lang.String,java.lang.String,java.lang.String)[pri:0, instance:testCases.ExcelDataTest@12468a38]" started-at="2026-08-11T16:32:20 IST" name="excelDataTest" data-provider="TestData" finished-at="2026-08-11T16:32:20 IST" duration-ms="6" status="PASS">
          <params>
            <param index="0">
              <value>
                <![CDATA[pavanoltraining@gmail.com]]>
              </value>
            </param>
            <param index="1">
              <value>
                <![CDATA[test@123]]>
              </value>
            </param>
            <param index="2">
              <value>
                <![CDATA[Valid]]>
              </value>
            </param>
          </params>
          <reporter-output>
          </reporter-output>
        </test-method> <!-- excelDataTest -->
        <test-method signature="excelDataTest(java.lang.String,java.lang.String,java.lang.String)[pri:0, instance:testCases.ExcelDataTest@12468a38]" started-at="2026-08-11T16:32:20 IST" name="excelDataTest" data-provider="TestData" finished-at="2026-08-11T16:32:21 IST" duration-ms="7" status="PASS">
          <params>
            <param index="0">
              <value>
                <![CDATA[lakshmi@yahoo.com]]>
              </value>
            </param>
            <param index="1">
              <value>
                <![CDATA[Laxmi]]>
              </value>
            </param>
            <param index="2">
              <value>
                <![CDATA[Invalid]]>
              </value>
            </param>
          </params>
          <reporter-output>
          </reporter-output>
        </test-method> <!-- excelDataTest -->
        <test-method signature="excelDataTest(java.lang.String,java.lang.String,java.lang.String)[pri:0, instance:testCases.ExcelDataTest@12468a38]" started-at="2026-08-11T16:32:21 IST" name="excelDataTest" data-provider="TestData" finished-at="2026-08-11T16:32:21 IST" duration-ms="1" status="PASS">
          <params>
            <param index="0">
              <value>
                <![CDATA[laksh@yahoo.com]]>
              </value>
            </param>
            <param index="1">
              <value>
                <![CDATA[Lakshmi]]>
              </value>
            </param>
            <param index="2">
              <value>
                <![CDATA[Invalid]]>
              </value>
            </param>
          </params>
          <reporter-output>
          </reporter-output>
        </test-method> <!-- excelDataTest -->
        <test-method signature="excelDataTest(java.lang.String,java.lang.String,java.lang.String)[pri:0, instance:testCases.ExcelDataTest@12468a38]" started-at="2026-08-11T16:32:21 IST" name="excelDataTest" data-provider="TestData" finished-at="2026-08-11T16:32:21 IST" duration-ms="5" status="PASS">
          <params>
            <param index="0">
              <value>
                <![CDATA[laks@yahoo.com]]>
              </value>
            </param>
            <param index="1">
              <value>
                <![CDATA[xyz]]>
              </value>
            </param>
            <param index="2">
              <value>
                <![CDATA[Invalid]]>
              </value>
            </param>
          </params>
          <reporter-output>
          </reporter-output>
        </test-method> <!-- excelDataTest -->
        <test-method signature="excelDataTest(java.lang.String,java.lang.String,java.lang.String)[pri:0, instance:testCases.ExcelDataTest@12468a38]" started-at="2026-08-11T16:32:21 IST" name="excelDataTest" data-provider="TestData" finished-at="2026-08-11T16:32:21 IST" duration-ms="32" status="PASS">
          <params>
            <param index="0">
              <value>
                <![CDATA[abc123@gmail.com]]>
              </value>
            </param>
            <param index="1">
              <value>
                <![CDATA[test@123]]>
              </value>
            </param>
            <param index="2">
              <value>
                <![CDATA[Valid]]>
              </value>
            </param>
          </params>
          <reporter-output>
          </reporter-output>
        </test-method> <!-- excelDataTest -->
        <test-method is-config="true" signature="tearDown()[pri:0, instance:testCases.ExcelDataTest@12468a38]" started-at="2026-08-11T16:32:21 IST" name="tearDown" finished-at="2026-08-11T16:32:21 IST" duration-ms="100" status="PASS">
          <reporter-output>
          </reporter-output>
        </test-method> <!-- tearDown -->
      </class> <!-- testCases.ExcelDataTest -->
    </test> <!-- Linux-Chrome -->
    <test started-at="2026-08-11T16:32:21 IST" name="Linux-Firefox" finished-at="2026-08-11T16:32:40 IST" duration-ms="19242">
      <class name="testCases.DemoTest">
        <test-method is-config="true" signature="setup(java.lang.String,java.lang.String)[pri:0, instance:testCases.DemoTest@55183b20]" started-at="2026-08-11T16:32:21 IST" name="setup" finished-at="2026-08-11T16:32:25 IST" duration-ms="4176" status="PASS">
          <params>
            <param index="0">
              <value>
                <![CDATA[Linux]]>
              </value>
            </param>
            <param index="1">
              <value>
                <![CDATA[firefox]]>
              </value>
            </param>
          </params>
          <reporter-output>
          </reporter-output>
        </test-method> <!-- setup -->
        <test-method signature="demoTest()[pri:0, instance:testCases.DemoTest@55183b20]" started-at="2026-08-11T16:32:25 IST" name="demoTest" finished-at="2026-08-11T16:32:32 IST" duration-ms="7022" status="PASS">
          <reporter-output>
          </reporter-output>
        </test-method> <!-- demoTest -->
        <test-method is-config="true" signature="tearDown()[pri:0, instance:testCases.DemoTest@55183b20]" started-at="2026-08-11T16:32:32 IST" name="tearDown" finished-at="2026-08-11T16:32:33 IST" duration-ms="824" status="PASS">
          <reporter-output>
          </reporter-output>
        </test-method> <!-- tearDown -->
      </class> <!-- testCases.DemoTest -->
      <class name="testCases.ExcelDataTest">
        <test-method is-config="true" signature="setup(java.lang.String,java.lang.String)[pri:0, instance:testCases.ExcelDataTest@4f83df68]" started-at="2026-08-11T16:32:33 IST" name="setup" finished-at="2026-08-11T16:32:38 IST" duration-ms="4799" status="PASS">
          <params>
            <param index="0">
              <value>
                <![CDATA[Linux]]>
              </value>
            </param>
            <param index="1">
              <value>
                <![CDATA[firefox]]>
              </value>
            </param>
          </params>
          <reporter-output>
          </reporter-output>
        </test-method> <!-- setup -->
        <test-method signature="excelDataTest(java.lang.String,java.lang.String,java.lang.String)[pri:0, instance:testCases.ExcelDataTest@4f83df68]" started-at="2026-08-11T16:32:39 IST" name="excelDataTest" data-provider="TestData" finished-at="2026-08-11T16:32:39 IST" duration-ms="1" status="PASS">
          <params>
            <param index="0">
              <value>
                <![CDATA[pavanoltraining@gmail.com]]>
              </value>
            </param>
            <param index="1">
              <value>
                <![CDATA[test@123]]>
              </value>
            </param>
            <param index="2">
              <value>
                <![CDATA[Valid]]>
              </value>
            </param>
          </params>
          <reporter-output>
          </reporter-output>
        </test-method> <!-- excelDataTest -->
        <test-method signature="excelDataTest(java.lang.String,java.lang.String,java.lang.String)[pri:0, instance:testCases.ExcelDataTest@4f83df68]" started-at="2026-08-11T16:32:39 IST" name="excelDataTest" data-provider="TestData" finished-at="2026-08-11T16:32:39 IST" duration-ms="3" status="PASS">
          <params>
            <param index="0">
              <value>
                <![CDATA[lakshmi@yahoo.com]]>
              </value>
            </param>
            <param index="1">
              <value>
                <![CDATA[Laxmi]]>
              </value>
            </param>
            <param index="2">
              <value>
                <![CDATA[Invalid]]>
              </value>
            </param>
          </params>
          <reporter-output>
          </reporter-output>
        </test-method> <!-- excelDataTest -->
        <test-method signature="excelDataTest(java.lang.String,java.lang.String,java.lang.String)[pri:0, instance:testCases.ExcelDataTest@4f83df68]" started-at="2026-08-11T16:32:39 IST" name="excelDataTest" data-provider="TestData" finished-at="2026-08-11T16:32:39 IST" duration-ms="3" status="PASS">
          <params>
            <param index="0">
              <value>
                <![CDATA[laksh@yahoo.com]]>
              </value>
            </param>
            <param index="1">
              <value>
                <![CDATA[Lakshmi]]>
              </value>
            </param>
            <param index="2">
              <value>
                <![CDATA[Invalid]]>
              </value>
            </param>
          </params>
          <reporter-output>
          </reporter-output>
        </test-method> <!-- excelDataTest -->
        <test-method signature="excelDataTest(java.lang.String,java.lang.String,java.lang.String)[pri:0, instance:testCases.ExcelDataTest@4f83df68]" started-at="2026-08-11T16:32:39 IST" name="excelDataTest" data-provider="TestData" finished-at="2026-08-11T16:32:39 IST" duration-ms="1" status="PASS">
          <params>
            <param index="0">
              <value>
                <![CDATA[laks@yahoo.com]]>
              </value>
            </param>
            <param index="1">
              <value>
                <![CDATA[xyz]]>
              </value>
            </param>
            <param index="2">
              <value>
                <![CDATA[Invalid]]>
              </value>
            </param>
          </params>
          <reporter-output>
          </reporter-output>
        </test-method> <!-- excelDataTest -->
        <test-method signature="excelDataTest(java.lang.String,java.lang.String,java.lang.String)[pri:0, instance:testCases.ExcelDataTest@4f83df68]" started-at="2026-08-11T16:32:39 IST" name="excelDataTest" data-provider="TestData" finished-at="2026-08-11T16:32:39 IST" duration-ms="1" status="PASS">
          <params>
            <param index="0">
              <value>
                <![CDATA[abc123@gmail.com]]>
              </value>
            </param>
            <param index="1">
              <value>
                <![CDATA[test@123]]>
              </value>
            </param>
            <param index="2">
              <value>
                <![CDATA[Valid]]>
              </value>
            </param>
          </params>
          <reporter-output>
          </reporter-output>
        </test-method> <!-- excelDataTest -->
        <test-method is-config="true" signature="tearDown()[pri:0, instance:testCases.ExcelDataTest@4f83df68]" started-at="2026-08-11T16:32:39 IST" name="tearDown" finished-at="2026-08-11T16:32:40 IST" duration-ms="1023" status="PASS">
          <reporter-output>
          </reporter-output>
        </test-method> <!-- tearDown -->
      </class> <!-- testCases.ExcelDataTest -->
    </test> <!-- Linux-Firefox -->
  </suite> <!-- Suite -->
</testng-results>
