<?xml version="1.0" encoding="UTF-8"?>
<testng-results ignored="0" total="12" passed="12" failed="0" skipped="0">
  <reporter-output>
  </reporter-output>
  <suite started-at="2026-08-11T16:58:02 IST" name="Suite" finished-at="2026-08-11T16:58:30 IST" duration-ms="27471">
    <groups>
    </groups>
    <test started-at="2026-08-11T16:58:02 IST" name="Linux-Chrome" finished-at="2026-08-11T16:58:13 IST" duration-ms="10754">
      <class name="testCases.DemoTest">
        <test-method is-config="true" signature="setup(java.lang.String,java.lang.String)[pri:0, instance:testCases.DemoTest@4a94ee4]" started-at="2026-08-11T16:58:03 IST" name="setup" finished-at="2026-08-11T16:58:05 IST" duration-ms="2798" status="PASS">
          <params>
            <param index="0">
              <value>
                <![CDATA[Linux]]>
              </value>
            </param>
            <param index="1">
              <value>
                <![CDATA[chrome]]>
              </value>
            </param>
          </params>
          <reporter-output>
          </reporter-output>
        </test-method> <!-- setup -->
        <test-method signature="demoTest()[pri:0, instance:testCases.DemoTest@4a94ee4]" started-at="2026-08-11T16:58:05 IST" name="demoTest" finished-at="2026-08-11T16:58:10 IST" duration-ms="4417" status="PASS">
          <reporter-output>
          </reporter-output>
        </test-method> <!-- demoTest -->
        <test-method is-config="true" signature="tearDown()[pri:0, instance:testCases.DemoTest@4a94ee4]" started-at="2026-08-11T16:58:10 IST" name="tearDown" finished-at="2026-08-11T16:58:10 IST" duration-ms="88" status="PASS">
          <reporter-output>
          </reporter-output>
        </test-method> <!-- tearDown -->
      </class> <!-- testCases.DemoTest -->
      <class name="testCases.ExcelDataTest">
        <test-method is-config="true" signature="setup(java.lang.String,java.lang.String)[pri:0, instance:testCases.ExcelDataTest@12468a38]" started-at="2026-08-11T16:58:10 IST" name="setup" finished-at="2026-08-11T16:58:12 IST" duration-ms="1676" status="PASS">
          <params>
            <param index="0">
              <value>
                <![CDATA[Linux]]>
              </value>
            </param>
            <param index="1">
              <value>
                <![CDATA[chrome]]>
              </value>
            </param>
          </params>
          <reporter-output>
          </reporter-output>
        </test-method> <!-- setup -->
        <test-method signature="excelDataTest(java.lang.String,java.lang.String,java.lang.String)[pri:0, instance:testCases.ExcelDataTest@12468a38]" started-at="2026-08-11T16:58:13 IST" name="excelDataTest" data-provider="TestData" finished-at="2026-08-11T16:58:13 IST" duration-ms="5" status="PASS">
          <params>
            <param index="0">
              <value>
                <![CDATA[pavanoltraining@gmail.com]]>
              </value>
            </param>
            <param index="1">
              <value>
                <![CDATA[test@123]]>
              </value>
            </param>
            <param index="2">
              <value>
                <![CDATA[Valid]]>
              </value>
            </param>
          </params>
          <reporter-output>
          </reporter-output>
        </test-method> <!-- excelDataTest -->
        <test-method signature="excelDataTest(java.lang.String,java.lang.String,java.lang.String)[pri:0, instance:testCases.ExcelDataTest@12468a38]" started-at="2026-08-11T16:58:13 IST" name="excelDataTest" data-provider="TestData" finished-at="2026-08-11T16:58:13 IST" duration-ms="7" status="PASS">
          <params>
            <param index="0">
              <value>
                <![CDATA[lakshmi@yahoo.com]]>
              </value>
            </param>
            <param index="1">
              <value>
                <![CDATA[Laxmi]]>
              </value>
            </param>
            <param index="2">
              <value>
                <![CDATA[Invalid]]>
              </value>
            </param>
          </params>
          <reporter-output>
          </reporter-output>
        </test-method> <!-- excelDataTest -->
        <test-method signature="excelDataTest(java.lang.String,java.lang.String,java.lang.String)[pri:0, instance:testCases.ExcelDataTest@12468a38]" started-at="2026-08-11T16:58:13 IST" name="excelDataTest" data-provider="TestData" finished-at="2026-08-11T16:58:13 IST" duration-ms="8" status="PASS">
          <params>
            <param index="0">
              <value>
                <![CDATA[laksh@yahoo.com]]>
              </value>
            </param>
            <param index="1">
              <value>
                <![CDATA[Lakshmi]]>
              </value>
            </param>
            <param index="2">
              <value>
                <![CDATA[Invalid]]>
              </value>
            </param>
          </params>
          <reporter-output>
          </reporter-output>
        </test-method> <!-- excelDataTest -->
        <test-method signature="excelDataTest(java.lang.String,java.lang.String,java.lang.String)[pri:0, instance:testCases.ExcelDataTest@12468a38]" started-at="2026-08-11T16:58:13 IST" name="excelDataTest" data-provider="TestData" finished-at="2026-08-11T16:58:13 IST" duration-ms="1" status="PASS">
          <params>
            <param index="0">
              <value>
                <![CDATA[laks@yahoo.com]]>
              </value>
            </param>
            <param index="1">
              <value>
                <![CDATA[xyz]]>
              </value>
            </param>
            <param index="2">
              <value>
                <![CDATA[Invalid]]>
              </value>
            </param>
          </params>
          <reporter-output>
          </reporter-output>
        </test-method> <!-- excelDataTest -->
        <test-method signature="excelDataTest(java.lang.String,java.lang.String,java.lang.String)[pri:0, instance:testCases.ExcelDataTest@12468a38]" started-at="2026-08-11T16:58:13 IST" name="excelDataTest" data-provider="TestData" finished-at="2026-08-11T16:58:13 IST" duration-ms="1" status="PASS">
          <params>
            <param index="0">
              <value>
                <![CDATA[abc123@gmail.com]]>
              </value>
            </param>
            <param index="1">
              <value>
                <![CDATA[test@123]]>
              </value>
            </param>
            <param index="2">
              <value>
                <![CDATA[Valid]]>
              </value>
            </param>
          </params>
          <reporter-output>
          </reporter-output>
        </test-method> <!-- excelDataTest -->
        <test-method is-config="true" signature="tearDown()[pri:0, instance:testCases.ExcelDataTest@12468a38]" started-at="2026-08-11T16:58:13 IST" name="tearDown" finished-at="2026-08-11T16:58:13 IST" duration-ms="88" status="PASS">
          <reporter-output>
          </reporter-output>
        </test-method> <!-- tearDown -->
      </class> <!-- testCases.ExcelDataTest -->
    </test> <!-- Linux-Chrome -->
    <test started-at="2026-08-11T16:58:14 IST" name="Linux-Firefox" finished-at="2026-08-11T16:58:30 IST" duration-ms="16208">
      <class name="testCases.DemoTest">
        <test-method is-config="true" signature="setup(java.lang.String,java.lang.String)[pri:0, instance:testCases.DemoTest@55183b20]" started-at="2026-08-11T16:58:14 IST" name="setup" finished-at="2026-08-11T16:58:18 IST" duration-ms="4333" status="PASS">
          <params>
            <param index="0">
              <value>
                <![CDATA[Linux]]>
              </value>
            </param>
            <param index="1">
              <value>
                <![CDATA[firefox]]>
              </value>
            </param>
          </params>
          <reporter-output>
          </reporter-output>
        </test-method> <!-- setup -->
        <test-method signature="demoTest()[pri:0, instance:testCases.DemoTest@55183b20]" started-at="2026-08-11T16:58:18 IST" name="demoTest" finished-at="2026-08-11T16:58:23 IST" duration-ms="5282" status="PASS">
          <reporter-output>
          </reporter-output>
        </test-method> <!-- demoTest -->
        <test-method is-config="true" signature="tearDown()[pri:0, instance:testCases.DemoTest@55183b20]" started-at="2026-08-11T16:58:23 IST" name="tearDown" finished-at="2026-08-11T16:58:24 IST" duration-ms="708" status="PASS">
          <reporter-output>
          </reporter-output>
        </test-method> <!-- tearDown -->
      </class> <!-- testCases.DemoTest -->
      <class name="testCases.ExcelDataTest">
        <test-method is-config="true" signature="setup(java.lang.String,java.lang.String)[pri:0, instance:testCases.ExcelDataTest@4f83df68]" started-at="2026-08-11T16:58:24 IST" name="setup" finished-at="2026-08-11T16:58:28 IST" duration-ms="3798" status="PASS">
          <params>
            <param index="0">
              <value>
                <![CDATA[Linux]]>
              </value>
            </param>
            <param index="1">
              <value>
                <![CDATA[firefox]]>
              </value>
            </param>
          </params>
          <reporter-output>
          </reporter-output>
        </test-method> <!-- setup -->
        <test-method signature="excelDataTest(java.lang.String,java.lang.String,java.lang.String)[pri:0, instance:testCases.ExcelDataTest@4f83df68]" started-at="2026-08-11T16:58:29 IST" name="excelDataTest" data-provider="TestData" finished-at="2026-08-11T16:58:29 IST" duration-ms="2" status="PASS">
          <params>
            <param index="0">
              <value>
                <![CDATA[pavanoltraining@gmail.com]]>
              </value>
            </param>
            <param index="1">
              <value>
                <![CDATA[test@123]]>
              </value>
            </param>
            <param index="2">
              <value>
                <![CDATA[Valid]]>
              </value>
            </param>
          </params>
          <reporter-output>
          </reporter-output>
        </test-method> <!-- excelDataTest -->
        <test-method signature="excelDataTest(java.lang.String,java.lang.String,java.lang.String)[pri:0, instance:testCases.ExcelDataTest@4f83df68]" started-at="2026-08-11T16:58:29 IST" name="excelDataTest" data-provider="TestData" finished-at="2026-08-11T16:58:29 IST" duration-ms="1" status="PASS">
          <params>
            <param index="0">
              <value>
                <![CDATA[lakshmi@yahoo.com]]>
              </value>
            </param>
            <param index="1">
              <value>
                <![CDATA[Laxmi]]>
              </value>
            </param>
            <param index="2">
              <value>
                <![CDATA[Invalid]]>
              </value>
            </param>
          </params>
          <reporter-output>
          </reporter-output>
        </test-method> <!-- excelDataTest -->
        <test-method signature="excelDataTest(java.lang.String,java.lang.String,java.lang.String)[pri:0, instance:testCases.ExcelDataTest@4f83df68]" started-at="2026-08-11T16:58:29 IST" name="excelDataTest" data-provider="TestData" finished-at="2026-08-11T16:58:29 IST" duration-ms="4" status="PASS">
          <params>
            <param index="0">
              <value>
                <![CDATA[laksh@yahoo.com]]>
              </value>
            </param>
            <param index="1">
              <value>
                <![CDATA[Lakshmi]]>
              </value>
            </param>
            <param index="2">
              <value>
                <![CDATA[Invalid]]>
              </value>
            </param>
          </params>
          <reporter-output>
          </reporter-output>
        </test-method> <!-- excelDataTest -->
        <test-method signature="excelDataTest(java.lang.String,java.lang.String,java.lang.String)[pri:0, instance:testCases.ExcelDataTest@4f83df68]" started-at="2026-08-11T16:58:29 IST" name="excelDataTest" data-provider="TestData" finished-at="2026-08-11T16:58:29 IST" duration-ms="1" status="PASS">
          <params>
            <param index="0">
              <value>
                <![CDATA[laks@yahoo.com]]>
              </value>
            </param>
            <param index="1">
              <value>
                <![CDATA[xyz]]>
              </value>
            </param>
            <param index="2">
              <value>
                <![CDATA[Invalid]]>
              </value>
            </param>
          </params>
          <reporter-output>
          </reporter-output>
        </test-method> <!-- excelDataTest -->
        <test-method signature="excelDataTest(java.lang.String,java.lang.String,java.lang.String)[pri:0, instance:testCases.ExcelDataTest@4f83df68]" started-at="2026-08-11T16:58:29 IST" name="excelDataTest" data-provider="TestData" finished-at="2026-08-11T16:58:29 IST" duration-ms="6" status="PASS">
          <params>
            <param index="0">
              <value>
                <![CDATA[abc123@gmail.com]]>
              </value>
            </param>
            <param index="1">
              <value>
                <![CDATA[test@123]]>
              </value>
            </param>
            <param index="2">
              <value>
                <![CDATA[Valid]]>
              </value>
            </param>
          </params>
          <reporter-output>
          </reporter-output>
        </test-method> <!-- excelDataTest -->
        <test-method is-config="true" signature="tearDown()[pri:0, instance:testCases.ExcelDataTest@4f83df68]" started-at="2026-08-11T16:58:29 IST" name="tearDown" finished-at="2026-08-11T16:58:30 IST" duration-ms="1088" status="PASS">
          <reporter-output>
          </reporter-output>
        </test-method> <!-- tearDown -->
      </class> <!-- testCases.ExcelDataTest -->
    </test> <!-- Linux-Firefox -->
  </suite> <!-- Suite -->
</testng-results>
