<?xml version="1.0" encoding="UTF-8"?>
<testng-results ignored="0" total="12" passed="12" failed="0" skipped="0">
  <reporter-output>
  </reporter-output>
  <suite started-at="2026-08-11T12:00:58 IST" name="Suite" finished-at="2026-08-11T12:01:38 IST" duration-ms="39427">
    <groups>
    </groups>
    <test started-at="2026-08-11T12:00:58 IST" name="Linux-Chrome" finished-at="2026-08-11T12:01:21 IST" duration-ms="22217">
      <class name="testCases.DemoTest">
        <test-method is-config="true" signature="setup(java.lang.String,java.lang.String)[pri:0, instance:testCases.DemoTest@9d5509a]" started-at="2026-08-11T12:00:59 IST" name="setup" finished-at="2026-08-11T12:01:03 IST" duration-ms="4037" status="PASS">
          <params>
            <param index="0">
              <value>
                <![CDATA[Linux]]>
              </value>
            </param>
            <param index="1">
              <value>
                <![CDATA[chrome]]>
              </value>
            </param>
          </params>
          <reporter-output>
          </reporter-output>
        </test-method> <!-- setup -->
        <test-method signature="demoTest()[pri:0, instance:testCases.DemoTest@9d5509a]" started-at="2026-08-11T12:01:03 IST" name="demoTest" finished-at="2026-08-11T12:01:17 IST" duration-ms="14062" status="PASS">
          <reporter-output>
          </reporter-output>
        </test-method> <!-- demoTest -->
        <test-method is-config="true" signature="tearDown()[pri:0, instance:testCases.DemoTest@9d5509a]" started-at="2026-08-11T12:01:17 IST" name="tearDown" finished-at="2026-08-11T12:01:17 IST" duration-ms="111" status="PASS">
          <reporter-output>
          </reporter-output>
        </test-method> <!-- tearDown -->
      </class> <!-- testCases.DemoTest -->
      <class name="testCases.ExcelDataTest">
        <test-method is-config="true" signature="setup(java.lang.String,java.lang.String)[pri:0, instance:testCases.ExcelDataTest@4116aac9]" started-at="2026-08-11T12:01:17 IST" name="setup" finished-at="2026-08-11T12:01:19 IST" duration-ms="2029" status="PASS">
          <params>
            <param index="0">
              <value>
                <![CDATA[Linux]]>
              </value>
            </param>
            <param index="1">
              <value>
                <![CDATA[chrome]]>
              </value>
            </param>
          </params>
          <reporter-output>
          </reporter-output>
        </test-method> <!-- setup -->
        <test-method signature="excelDataTest(java.lang.String,java.lang.String,java.lang.String)[pri:0, instance:testCases.ExcelDataTest@4116aac9]" started-at="2026-08-11T12:01:20 IST" name="excelDataTest" data-provider="TestData" finished-at="2026-08-11T12:01:20 IST" duration-ms="8" status="PASS">
          <params>
            <param index="0">
              <value>
                <![CDATA[pavanoltraining@gmail.com]]>
              </value>
            </param>
            <param index="1">
              <value>
                <![CDATA[test@123]]>
              </value>
            </param>
            <param index="2">
              <value>
                <![CDATA[Valid]]>
              </value>
            </param>
          </params>
          <reporter-output>
          </reporter-output>
        </test-method> <!-- excelDataTest -->
        <test-method signature="excelDataTest(java.lang.String,java.lang.String,java.lang.String)[pri:0, instance:testCases.ExcelDataTest@4116aac9]" started-at="2026-08-11T12:01:20 IST" name="excelDataTest" data-provider="TestData" finished-at="2026-08-11T12:01:20 IST" duration-ms="20" status="PASS">
          <params>
            <param index="0">
              <value>
                <![CDATA[lakshmi@yahoo.com]]>
              </value>
            </param>
            <param index="1">
              <value>
                <![CDATA[Laxmi]]>
              </value>
            </param>
            <param index="2">
              <value>
                <![CDATA[Invalid]]>
              </value>
            </param>
          </params>
          <reporter-output>
          </reporter-output>
        </test-method> <!-- excelDataTest -->
        <test-method signature="excelDataTest(java.lang.String,java.lang.String,java.lang.String)[pri:0, instance:testCases.ExcelDataTest@4116aac9]" started-at="2026-08-11T12:01:20 IST" name="excelDataTest" data-provider="TestData" finished-at="2026-08-11T12:01:20 IST" duration-ms="12" status="PASS">
          <params>
            <param index="0">
              <value>
                <![CDATA[laksh@yahoo.com]]>
              </value>
            </param>
            <param index="1">
              <value>
                <![CDATA[Lakshmi]]>
              </value>
            </param>
            <param index="2">
              <value>
                <![CDATA[Invalid]]>
              </value>
            </param>
          </params>
          <reporter-output>
          </reporter-output>
        </test-method> <!-- excelDataTest -->
        <test-method signature="excelDataTest(java.lang.String,java.lang.String,java.lang.String)[pri:0, instance:testCases.ExcelDataTest@4116aac9]" started-at="2026-08-11T12:01:20 IST" name="excelDataTest" data-provider="TestData" finished-at="2026-08-11T12:01:20 IST" duration-ms="8" status="PASS">
          <params>
            <param index="0">
              <value>
                <![CDATA[laks@yahoo.com]]>
              </value>
            </param>
            <param index="1">
              <value>
                <![CDATA[xyz]]>
              </value>
            </param>
            <param index="2">
              <value>
                <![CDATA[Invalid]]>
              </value>
            </param>
          </params>
          <reporter-output>
          </reporter-output>
        </test-method> <!-- excelDataTest -->
        <test-method signature="excelDataTest(java.lang.String,java.lang.String,java.lang.String)[pri:0, instance:testCases.ExcelDataTest@4116aac9]" started-at="2026-08-11T12:01:21 IST" name="excelDataTest" data-provider="TestData" finished-at="2026-08-11T12:01:21 IST" duration-ms="6" status="PASS">
          <params>
            <param index="0">
              <value>
                <![CDATA[abc123@gmail.com]]>
              </value>
            </param>
            <param index="1">
              <value>
                <![CDATA[test@123]]>
              </value>
            </param>
            <param index="2">
              <value>
                <![CDATA[Valid]]>
              </value>
            </param>
          </params>
          <reporter-output>
          </reporter-output>
        </test-method> <!-- excelDataTest -->
        <test-method is-config="true" signature="tearDown()[pri:0, instance:testCases.ExcelDataTest@4116aac9]" started-at="2026-08-11T12:01:21 IST" name="tearDown" finished-at="2026-08-11T12:01:21 IST" duration-ms="83" status="PASS">
          <reporter-output>
          </reporter-output>
        </test-method> <!-- tearDown -->
      </class> <!-- testCases.ExcelDataTest -->
    </test> <!-- Linux-Chrome -->
    <test started-at="2026-08-11T12:01:21 IST" name="Linux-Firefox" finished-at="2026-08-11T12:01:38 IST" duration-ms="16710">
      <class name="testCases.DemoTest">
        <test-method is-config="true" signature="setup(java.lang.String,java.lang.String)[pri:0, instance:testCases.DemoTest@22fcf7ab]" started-at="2026-08-11T12:01:21 IST" name="setup" finished-at="2026-08-11T12:01:26 IST" duration-ms="4857" status="PASS">
          <params>
            <param index="0">
              <value>
                <![CDATA[Linux]]>
              </value>
            </param>
            <param index="1">
              <value>
                <![CDATA[firefox]]>
              </value>
            </param>
          </params>
          <reporter-output>
          </reporter-output>
        </test-method> <!-- setup -->
        <test-method signature="demoTest()[pri:0, instance:testCases.DemoTest@22fcf7ab]" started-at="2026-08-11T12:01:26 IST" name="demoTest" finished-at="2026-08-11T12:01:30 IST" duration-ms="3884" status="PASS">
          <reporter-output>
          </reporter-output>
        </test-method> <!-- demoTest -->
        <test-method is-config="true" signature="tearDown()[pri:0, instance:testCases.DemoTest@22fcf7ab]" started-at="2026-08-11T12:01:30 IST" name="tearDown" finished-at="2026-08-11T12:01:31 IST" duration-ms="838" status="PASS">
          <reporter-output>
          </reporter-output>
        </test-method> <!-- tearDown -->
      </class> <!-- testCases.DemoTest -->
      <class name="testCases.ExcelDataTest">
        <test-method is-config="true" signature="setup(java.lang.String,java.lang.String)[pri:0, instance:testCases.ExcelDataTest@2de23121]" started-at="2026-08-11T12:01:31 IST" name="setup" finished-at="2026-08-11T12:01:36 IST" duration-ms="4918" status="PASS">
          <params>
            <param index="0">
              <value>
                <![CDATA[Linux]]>
              </value>
            </param>
            <param index="1">
              <value>
                <![CDATA[firefox]]>
              </value>
            </param>
          </params>
          <reporter-output>
          </reporter-output>
        </test-method> <!-- setup -->
        <test-method signature="excelDataTest(java.lang.String,java.lang.String,java.lang.String)[pri:0, instance:testCases.ExcelDataTest@2de23121]" started-at="2026-08-11T12:01:37 IST" name="excelDataTest" data-provider="TestData" finished-at="2026-08-11T12:01:37 IST" duration-ms="12" status="PASS">
          <params>
            <param index="0">
              <value>
                <![CDATA[pavanoltraining@gmail.com]]>
              </value>
            </param>
            <param index="1">
              <value>
                <![CDATA[test@123]]>
              </value>
            </param>
            <param index="2">
              <value>
                <![CDATA[Valid]]>
              </value>
            </param>
          </params>
          <reporter-output>
          </reporter-output>
        </test-method> <!-- excelDataTest -->
        <test-method signature="excelDataTest(java.lang.String,java.lang.String,java.lang.String)[pri:0, instance:testCases.ExcelDataTest@2de23121]" started-at="2026-08-11T12:01:37 IST" name="excelDataTest" data-provider="TestData" finished-at="2026-08-11T12:01:37 IST" duration-ms="10" status="PASS">
          <params>
            <param index="0">
              <value>
                <![CDATA[lakshmi@yahoo.com]]>
              </value>
            </param>
            <param index="1">
              <value>
                <![CDATA[Laxmi]]>
              </value>
            </param>
            <param index="2">
              <value>
                <![CDATA[Invalid]]>
              </value>
            </param>
          </params>
          <reporter-output>
          </reporter-output>
        </test-method> <!-- excelDataTest -->
        <test-method signature="excelDataTest(java.lang.String,java.lang.String,java.lang.String)[pri:0, instance:testCases.ExcelDataTest@2de23121]" started-at="2026-08-11T12:01:37 IST" name="excelDataTest" data-provider="TestData" finished-at="2026-08-11T12:01:37 IST" duration-ms="43" status="PASS">
          <params>
            <param index="0">
              <value>
                <![CDATA[laksh@yahoo.com]]>
              </value>
            </param>
            <param index="1">
              <value>
                <![CDATA[Lakshmi]]>
              </value>
            </param>
            <param index="2">
              <value>
                <![CDATA[Invalid]]>
              </value>
            </param>
          </params>
          <reporter-output>
          </reporter-output>
        </test-method> <!-- excelDataTest -->
        <test-method signature="excelDataTest(java.lang.String,java.lang.String,java.lang.String)[pri:0, instance:testCases.ExcelDataTest@2de23121]" started-at="2026-08-11T12:01:37 IST" name="excelDataTest" data-provider="TestData" finished-at="2026-08-11T12:01:37 IST" duration-ms="4" status="PASS">
          <params>
            <param index="0">
              <value>
                <![CDATA[laks@yahoo.com]]>
              </value>
            </param>
            <param index="1">
              <value>
                <![CDATA[xyz]]>
              </value>
            </param>
            <param index="2">
              <value>
                <![CDATA[Invalid]]>
              </value>
            </param>
          </params>
          <reporter-output>
          </reporter-output>
        </test-method> <!-- excelDataTest -->
        <test-method signature="excelDataTest(java.lang.String,java.lang.String,java.lang.String)[pri:0, instance:testCases.ExcelDataTest@2de23121]" started-at="2026-08-11T12:01:37 IST" name="excelDataTest" data-provider="TestData" finished-at="2026-08-11T12:01:37 IST" duration-ms="1" status="PASS">
          <params>
            <param index="0">
              <value>
                <![CDATA[abc123@gmail.com]]>
              </value>
            </param>
            <param index="1">
              <value>
                <![CDATA[test@123]]>
              </value>
            </param>
            <param index="2">
              <value>
                <![CDATA[Valid]]>
              </value>
            </param>
          </params>
          <reporter-output>
          </reporter-output>
        </test-method> <!-- excelDataTest -->
        <test-method is-config="true" signature="tearDown()[pri:0, instance:testCases.ExcelDataTest@2de23121]" started-at="2026-08-11T12:01:37 IST" name="tearDown" finished-at="2026-08-11T12:01:38 IST" duration-ms="745" status="PASS">
          <reporter-output>
          </reporter-output>
        </test-method> <!-- tearDown -->
      </class> <!-- testCases.ExcelDataTest -->
    </test> <!-- Linux-Firefox -->
  </suite> <!-- Suite -->
</testng-results>
