<?xml version="1.0" encoding="UTF-8"?>
<testng-results ignored="0" total="3" passed="3" failed="0" skipped="0">
  <reporter-output>
  </reporter-output>
  <suite started-at="2026-08-12T14:37:28 IST" name="Default suite" finished-at="2026-08-12T14:38:05 IST" duration-ms="37408">
    <groups>
    </groups>
    <test started-at="2026-08-12T14:37:28 IST" name="Default test" finished-at="2026-08-12T14:38:05 IST" duration-ms="37408">
      <class name="test.Dropdown">
        <test-method signature="simpleDropDownSelect()[pri:1, instance:test.Dropdown@5fe94a96]" started-at="2026-08-12T14:37:28 IST" name="simpleDropDownSelect" finished-at="2026-08-12T14:37:41 IST" duration-ms="12674" status="PASS">
          <reporter-output>
          </reporter-output>
        </test-method> <!-- simpleDropDownSelect -->
        <test-method signature="styledDropDownSelect()[pri:2, instance:test.Dropdown@5fe94a96]" started-at="2026-08-12T14:37:41 IST" name="styledDropDownSelect" finished-at="2026-08-12T14:37:53 IST" duration-ms="12410" status="PASS">
          <reporter-output>
          </reporter-output>
        </test-method> <!-- styledDropDownSelect -->
        <test-method signature="multiSelectDropDownSelect()[pri:3, instance:test.Dropdown@5fe94a96]" started-at="2026-08-12T14:37:53 IST" name="multiSelectDropDownSelect" finished-at="2026-08-12T14:38:05 IST" duration-ms="12258" status="PASS">
          <reporter-output>
          </reporter-output>
        </test-method> <!-- multiSelectDropDownSelect -->
      </class> <!-- test.Dropdown -->
    </test> <!-- Default test -->
  </suite> <!-- Default suite -->
</testng-results>
