<?xml version="1.0" encoding="UTF-8"?>
<!-- Generated by org.testng.reporters.JUnitReportReporter -->
<testsuite hostname="LPT1079" failures="0" tests="2" name="dependsOnMethods.DependsOnMethodsTest" time="6.773" errors="0" timestamp="2026-08-07T15:44:59 IST" skipped="0">
  <testcase classname="dependsOnMethods.DependsOnMethodsTest" name="dependsOnMethod1" time="6.769"/>
  <testcase classname="dependsOnMethods.DependsOnMethodsTest" name="dependsOnMethod2" time="0.004"/>
</testsuite> <!-- dependsOnMethods.DependsOnMethodsTest -->
