<?xml version="1.0" encoding="UTF-8"?>
<!-- Generated by org.testng.reporters.JUnitReportReporter -->
<testsuite hostname="LPT1079" failures="0" tests="3" name="test.Dropdown" time="37.342" errors="0" timestamp="2026-08-12T14:38:06 IST" skipped="0">
  <testcase classname="test.Dropdown" name="simpleDropDownSelect" time="12.674"/>
  <testcase classname="test.Dropdown" name="styledDropDownSelect" time="12.410"/>
  <testcase classname="test.Dropdown" name="multiSelectDropDownSelect" time="12.258"/>
</testsuite> <!-- test.Dropdown -->
