<?xml version="1.0" encoding="UTF-8"?>
<!-- Generated by org.testng.reporters.JUnitReportReporter -->
<testsuite hostname="LPT1079" failures="0" tests="10" name="testCases.ExcelDataTest" time="0.069" errors="0" timestamp="2026-08-11T23:37:17 IST" skipped="0">
  <testcase classname="testCases.ExcelDataTest" name="excelDataTest" time="0.006"/>
  <testcase classname="testCases.ExcelDataTest" name="excelDataTest" time="0.013"/>
  <testcase classname="testCases.ExcelDataTest" name="excelDataTest" time="0.025"/>
  <testcase classname="testCases.ExcelDataTest" name="excelDataTest" time="0.001"/>
  <testcase classname="testCases.ExcelDataTest" name="excelDataTest" time="0.007"/>
  <testcase classname="testCases.ExcelDataTest" name="excelDataTest" time="0.003"/>
  <testcase classname="testCases.ExcelDataTest" name="excelDataTest" time="0.005"/>
  <testcase classname="testCases.ExcelDataTest" name="excelDataTest" time="0.001"/>
  <testcase classname="testCases.ExcelDataTest" name="excelDataTest" time="0.007"/>
  <testcase classname="testCases.ExcelDataTest" name="excelDataTest" time="0.001"/>
</testsuite> <!-- testCases.ExcelDataTest -->
