<?xml version="1.0" encoding="UTF-8"?>
<!-- Generated by org.testng.reporters.JUnitReportReporter -->
<testsuite hostname="LPT1079" failures="0" tests="10" name="testCases.ExcelDataTest" time="0.036" errors="0" timestamp="2026-08-11T16:58:30 IST" skipped="0">
  <testcase classname="testCases.ExcelDataTest" name="excelDataTest" time="0.001"/>
  <testcase classname="testCases.ExcelDataTest" name="excelDataTest" time="0.005"/>
  <testcase classname="testCases.ExcelDataTest" name="excelDataTest" time="0.001"/>
  <testcase classname="testCases.ExcelDataTest" name="excelDataTest" time="0.004"/>
  <testcase classname="testCases.ExcelDataTest" name="excelDataTest" time="0.001"/>
  <testcase classname="testCases.ExcelDataTest" name="excelDataTest" time="0.007"/>
  <testcase classname="testCases.ExcelDataTest" name="excelDataTest" time="0.008"/>
  <testcase classname="testCases.ExcelDataTest" name="excelDataTest" time="0.001"/>
  <testcase classname="testCases.ExcelDataTest" name="excelDataTest" time="0.002"/>
  <testcase classname="testCases.ExcelDataTest" name="excelDataTest" time="0.006"/>
</testsuite> <!-- testCases.ExcelDataTest -->
